This file contains any messages produced by compilers while
running configure, to aid debugging if configure makes a mistake.

It was created by FULL-PACKAGE-NAME configure VERSION, which was
generated by GNU Autoconf 2.71.  Invocation command line was

  $ ../configure

## --------- ##
## Platform. ##
## --------- ##

hostname = squareroot
uname -m = x86_64
uname -r = 6.3.0-rc5+
uname -s = Linux
uname -v = #1 SMP PREEMPT_DYNAMIC Sun May 28 19:58:45 +05 2023

/usr/bin/uname -p = unknown
/bin/uname -X     = unknown

/bin/arch              = unknown
/usr/bin/arch -k       = unknown
/usr/convex/getsysinfo = unknown
/usr/bin/hostinfo      = unknown
/bin/machine           = unknown
/usr/bin/oslevel       = unknown
/bin/universe          = unknown

PATH: /usr/bin/
PATH: /usr/local/bin/


## ----------- ##
## Core tests. ##
## ----------- ##

configure:2496: looking for aux files: compile missing install-sh
configure:2509:  trying ../
configure:2538:   ../compile found
configure:2538:   ../missing found
configure:2520:   ../install-sh found
configure:2723: checking for g++
configure:2744: found /usr/bin/g++
configure:2755: result: g++
configure:2782: checking for C++ compiler version
configure:2791: g++ --version >&5
g++ (GCC) 13.0.1 20230406 (experimental)
Copyright (C) 2023 Free Software Foundation, Inc.
This is free software; see the source for copying conditions.  There is NO
warranty; not even for MERCHANTABILITY or FITNESS FOR A PARTICULAR PURPOSE.

configure:2802: $? = 0
configure:2791: g++ -v >&5
Using built-in specs.
COLLECT_GCC=g++
COLLECT_LTO_WRAPPER=/usr/libexec/gcc/x86_64-pc-linux-gnu/13.0.1/lto-wrapper
Target: x86_64-pc-linux-gnu
Configured with: ../configure --prefix=/usr --enable-multilib --with-system-zlib --enable-default-pie --enable-default-ssp --enable-languages=c,c++ --with-multilib-list=m64,m32,mx32
Thread model: posix
Supported LTO compression algorithms: zlib zstd
gcc version 13.0.1 20230406 (experimental) (GCC) 
configure:2802: $? = 0
configure:2791: g++ -V >&5
g++: error: unrecognized command-line option '-V'
g++: fatal error: no input files
compilation terminated.
configure:2802: $? = 1
configure:2791: g++ -qversion >&5
g++: error: unrecognized command-line option '-qversion'; did you mean '--version'?
g++: fatal error: no input files
compilation terminated.
configure:2802: $? = 1
configure:2822: checking whether the C++ compiler works
configure:2844: g++    conftest.cpp  >&5
configure:2848: $? = 0
configure:2898: result: yes
configure:2901: checking for C++ compiler default output file name
configure:2903: result: a.out
configure:2909: checking for suffix of executables
configure:2916: g++ -o conftest    conftest.cpp  >&5
configure:2920: $? = 0
configure:2943: result: 
configure:2965: checking whether we are cross compiling
configure:2973: g++ -o conftest    conftest.cpp  >&5
configure:2977: $? = 0
configure:2984: ./conftest
configure:2988: $? = 0
configure:3003: result: no
configure:3008: checking for suffix of object files
configure:3031: g++ -c   conftest.cpp >&5
configure:3035: $? = 0
configure:3057: result: o
configure:3061: checking whether the compiler supports GNU C++
configure:3081: g++ -c   conftest.cpp >&5
configure:3081: $? = 0
configure:3091: result: yes
configure:3102: checking whether g++ accepts -g
configure:3123: g++ -c -g  conftest.cpp >&5
configure:3123: $? = 0
configure:3167: result: yes
configure:3187: checking for g++ option to enable C++11 features
configure:3202: g++  -c -g -O2  conftest.cpp >&5
conftest.cpp: In function 'int main(int, char**)':
conftest.cpp:175:25: warning: empty parentheses were disambiguated as a function declaration [-Wvexing-parse]
  175 |   cxx11test::delegate d2();
      |                         ^~
conftest.cpp:175:25: note: remove parentheses to default-initialize a variable
  175 |   cxx11test::delegate d2();
      |                         ^~
      |                         --
conftest.cpp:175:25: note: or replace parentheses with braces to value-initialize a variable
configure:3202: $? = 0
configure:3220: result: none needed
configure:3303: checking for a BSD-compatible install
configure:3376: result: /usr/bin/install -c
configure:3387: checking whether build environment is sane
configure:3442: result: yes
configure:3601: checking for a race-free mkdir -p
configure:3645: result: /usr/bin/mkdir -p
configure:3652: checking for gawk
configure:3673: found /usr/bin/gawk
configure:3684: result: gawk
configure:3695: checking whether make sets $(MAKE)
configure:3718: result: yes
configure:3740: checking whether make supports the include directive
configure:3755: make -f confmf.GNU && cat confinc.out
this is the am__doit target
configure:3758: $? = 0
configure:3777: result: yes (GNU style)
configure:3812: checking whether make supports nested variables
configure:3830: result: yes
configure:3911: checking dependency style of g++
configure:4023: result: gcc3
configure:4163: checking for gcc
configure:4184: found /usr/bin/gcc
configure:4195: result: gcc
configure:4548: checking for C compiler version
configure:4557: gcc --version >&5
gcc (GCC) 13.0.1 20230406 (experimental)
Copyright (C) 2023 Free Software Foundation, Inc.
This is free software; see the source for copying conditions.  There is NO
warranty; not even for MERCHANTABILITY or FITNESS FOR A PARTICULAR PURPOSE.

configure:4568: $? = 0
configure:4557: gcc -v >&5
Using built-in specs.
COLLECT_GCC=gcc
COLLECT_LTO_WRAPPER=/usr/libexec/gcc/x86_64-pc-linux-gnu/13.0.1/lto-wrapper
Target: x86_64-pc-linux-gnu
Configured with: ../configure --prefix=/usr --enable-multilib --with-system-zlib --enable-default-pie --enable-default-ssp --enable-languages=c,c++ --with-multilib-list=m64,m32,mx32
Thread model: posix
Supported LTO compression algorithms: zlib zstd
gcc version 13.0.1 20230406 (experimental) (GCC) 
configure:4568: $? = 0
configure:4557: gcc -V >&5
gcc: error: unrecognized command-line option '-V'
gcc: fatal error: no input files
compilation terminated.
configure:4568: $? = 1
configure:4557: gcc -qversion >&5
gcc: error: unrecognized command-line option '-qversion'; did you mean '--version'?
gcc: fatal error: no input files
compilation terminated.
configure:4568: $? = 1
configure:4557: gcc -version >&5
gcc: error: unrecognized command-line option '-version'
gcc: fatal error: no input files
compilation terminated.
configure:4568: $? = 1
configure:4572: checking whether the compiler supports GNU C
configure:4592: gcc -c   conftest.c >&5
configure:4592: $? = 0
configure:4602: result: yes
configure:4613: checking whether gcc accepts -g
configure:4634: gcc -c -g  conftest.c >&5
configure:4634: $? = 0
configure:4678: result: yes
configure:4698: checking for gcc option to enable C11 features
configure:4713: gcc  -c -g -O2  conftest.c >&5
configure:4713: $? = 0
configure:4731: result: none needed
configure:4847: checking whether gcc understands -c and -o together
configure:4870: gcc -c conftest.c -o conftest2.o
configure:4873: $? = 0
configure:4870: gcc -c conftest.c -o conftest2.o
configure:4873: $? = 0
configure:4885: result: yes
configure:4904: checking dependency style of gcc
configure:5016: result: gcc3
configure:5036: checking for stdio.h
configure:5036: gcc -c -g -O2  conftest.c >&5
configure:5036: $? = 0
configure:5036: result: yes
configure:5036: checking for stdlib.h
configure:5036: gcc -c -g -O2  conftest.c >&5
configure:5036: $? = 0
configure:5036: result: yes
configure:5036: checking for string.h
configure:5036: gcc -c -g -O2  conftest.c >&5
configure:5036: $? = 0
configure:5036: result: yes
configure:5036: checking for inttypes.h
configure:5036: gcc -c -g -O2  conftest.c >&5
configure:5036: $? = 0
configure:5036: result: yes
configure:5036: checking for stdint.h
configure:5036: gcc -c -g -O2  conftest.c >&5
configure:5036: $? = 0
configure:5036: result: yes
configure:5036: checking for strings.h
configure:5036: gcc -c -g -O2  conftest.c >&5
configure:5036: $? = 0
configure:5036: result: yes
configure:5036: checking for sys/stat.h
configure:5036: gcc -c -g -O2  conftest.c >&5
configure:5036: $? = 0
configure:5036: result: yes
configure:5036: checking for sys/types.h
configure:5036: gcc -c -g -O2  conftest.c >&5
configure:5036: $? = 0
configure:5036: result: yes
configure:5036: checking for unistd.h
configure:5036: gcc -c -g -O2  conftest.c >&5
configure:5036: $? = 0
configure:5036: result: yes
configure:5061: checking for _Bool
configure:5061: gcc -c -g -O2  conftest.c >&5
configure:5061: $? = 0
configure:5061: gcc -c -g -O2  conftest.c >&5
conftest.c: In function 'main':
conftest.c:52:20: error: expected expression before ')' token
   52 | if (sizeof ((_Bool)))
      |                    ^
configure:5061: $? = 1
configure: failed program was:
| /* confdefs.h */
| #define PACKAGE_NAME "FULL-PACKAGE-NAME"
| #define PACKAGE_TARNAME "full-package-name"
| #define PACKAGE_VERSION "VERSION"
| #define PACKAGE_STRING "FULL-PACKAGE-NAME VERSION"
| #define PACKAGE_BUGREPORT "BUG-REPORT-ADDRESS"
| #define PACKAGE_URL ""
| #define PACKAGE "full-package-name"
| #define VERSION "VERSION"
| #define HAVE_STDIO_H 1
| #define HAVE_STDLIB_H 1
| #define HAVE_STRING_H 1
| #define HAVE_INTTYPES_H 1
| #define HAVE_STDINT_H 1
| #define HAVE_STRINGS_H 1
| #define HAVE_SYS_STAT_H 1
| #define HAVE_SYS_TYPES_H 1
| #define HAVE_UNISTD_H 1
| #define STDC_HEADERS 1
| /* end confdefs.h.  */
| #include <stddef.h>
| #ifdef HAVE_STDIO_H
| # include <stdio.h>
| #endif
| #ifdef HAVE_STDLIB_H
| # include <stdlib.h>
| #endif
| #ifdef HAVE_STRING_H
| # include <string.h>
| #endif
| #ifdef HAVE_INTTYPES_H
| # include <inttypes.h>
| #endif
| #ifdef HAVE_STDINT_H
| # include <stdint.h>
| #endif
| #ifdef HAVE_STRINGS_H
| # include <strings.h>
| #endif
| #ifdef HAVE_SYS_TYPES_H
| # include <sys/types.h>
| #endif
| #ifdef HAVE_SYS_STAT_H
| # include <sys/stat.h>
| #endif
| #ifdef HAVE_UNISTD_H
| # include <unistd.h>
| #endif
| int
| main (void)
| {
| if (sizeof ((_Bool)))
| 	    return 0;
|   ;
|   return 0;
| }
configure:5061: result: yes
configure:5070: checking for stdbool.h that conforms to C99
configure:5186: gcc -c -g -O2  conftest.c >&5
configure:5186: $? = 0
configure:5194: result: yes
configure:5197: checking for size_t
configure:5197: gcc -c -g -O2  conftest.c >&5
configure:5197: $? = 0
configure:5197: gcc -c -g -O2  conftest.c >&5
conftest.c: In function 'main':
conftest.c:53:21: error: expected expression before ')' token
   53 | if (sizeof ((size_t)))
      |                     ^
configure:5197: $? = 1
configure: failed program was:
| /* confdefs.h */
| #define PACKAGE_NAME "FULL-PACKAGE-NAME"
| #define PACKAGE_TARNAME "full-package-name"
| #define PACKAGE_VERSION "VERSION"
| #define PACKAGE_STRING "FULL-PACKAGE-NAME VERSION"
| #define PACKAGE_BUGREPORT "BUG-REPORT-ADDRESS"
| #define PACKAGE_URL ""
| #define PACKAGE "full-package-name"
| #define VERSION "VERSION"
| #define HAVE_STDIO_H 1
| #define HAVE_STDLIB_H 1
| #define HAVE_STRING_H 1
| #define HAVE_INTTYPES_H 1
| #define HAVE_STDINT_H 1
| #define HAVE_STRINGS_H 1
| #define HAVE_SYS_STAT_H 1
| #define HAVE_SYS_TYPES_H 1
| #define HAVE_UNISTD_H 1
| #define STDC_HEADERS 1
| #define HAVE__BOOL 1
| /* end confdefs.h.  */
| #include <stddef.h>
| #ifdef HAVE_STDIO_H
| # include <stdio.h>
| #endif
| #ifdef HAVE_STDLIB_H
| # include <stdlib.h>
| #endif
| #ifdef HAVE_STRING_H
| # include <string.h>
| #endif
| #ifdef HAVE_INTTYPES_H
| # include <inttypes.h>
| #endif
| #ifdef HAVE_STDINT_H
| # include <stdint.h>
| #endif
| #ifdef HAVE_STRINGS_H
| # include <strings.h>
| #endif
| #ifdef HAVE_SYS_TYPES_H
| # include <sys/types.h>
| #endif
| #ifdef HAVE_SYS_STAT_H
| # include <sys/stat.h>
| #endif
| #ifdef HAVE_UNISTD_H
| # include <unistd.h>
| #endif
| int
| main (void)
| {
| if (sizeof ((size_t)))
| 	    return 0;
|   ;
|   return 0;
| }
configure:5197: result: yes
configure:5313: checking that generated files are newer than configure
configure:5319: result: done
configure:5346: creating ./config.status

## ---------------------- ##
## Running config.status. ##
## ---------------------- ##

This file was extended by FULL-PACKAGE-NAME config.status VERSION, which was
generated by GNU Autoconf 2.71.  Invocation command line was

  CONFIG_FILES    = 
  CONFIG_HEADERS  = 
  CONFIG_LINKS    = 
  CONFIG_COMMANDS = 
  $ ./config.status 

on squareroot

config.status:855: creating Makefile
config.status:855: creating include/Makefile
config.status:855: creating src/Makefile
config.status:855: creating config.h
config.status:1069: executing depfiles commands
config.status:1146: cd src       && sed -e '/# am--include-marker/d' Makefile         | make -f - am--depfiles
config.status:1151: $? = 0

## ---------------- ##
## Cache variables. ##
## ---------------- ##

ac_cv_c_compiler_gnu=yes
ac_cv_cxx_compiler_gnu=yes
ac_cv_env_CCC_set=
ac_cv_env_CCC_value=
ac_cv_env_CC_set=
ac_cv_env_CC_value=
ac_cv_env_CFLAGS_set=
ac_cv_env_CFLAGS_value=
ac_cv_env_CPPFLAGS_set=
ac_cv_env_CPPFLAGS_value=
ac_cv_env_CXXFLAGS_set=
ac_cv_env_CXXFLAGS_value=
ac_cv_env_CXX_set=
ac_cv_env_CXX_value=
ac_cv_env_LDFLAGS_set=
ac_cv_env_LDFLAGS_value=
ac_cv_env_LIBS_set=
ac_cv_env_LIBS_value=
ac_cv_env_build_alias_set=
ac_cv_env_build_alias_value=
ac_cv_env_host_alias_set=
ac_cv_env_host_alias_value=
ac_cv_env_target_alias_set=
ac_cv_env_target_alias_value=
ac_cv_header_inttypes_h=yes
ac_cv_header_stdbool_h=yes
ac_cv_header_stdint_h=yes
ac_cv_header_stdio_h=yes
ac_cv_header_stdlib_h=yes
ac_cv_header_string_h=yes
ac_cv_header_strings_h=yes
ac_cv_header_sys_stat_h=yes
ac_cv_header_sys_types_h=yes
ac_cv_header_unistd_h=yes
ac_cv_objext=o
ac_cv_path_install='/usr/bin/install -c'
ac_cv_path_mkdir=/usr/bin/mkdir
ac_cv_prog_AWK=gawk
ac_cv_prog_ac_ct_CC=gcc
ac_cv_prog_ac_ct_CXX=g++
ac_cv_prog_cc_c11=
ac_cv_prog_cc_g=yes
ac_cv_prog_cc_stdc=
ac_cv_prog_cxx_11=no
ac_cv_prog_cxx_cxx11=
ac_cv_prog_cxx_g=yes
ac_cv_prog_cxx_stdcxx=
ac_cv_prog_make_make_set=yes
ac_cv_type__Bool=yes
ac_cv_type_size_t=yes
am_cv_CC_dependencies_compiler_type=gcc3
am_cv_CXX_dependencies_compiler_type=gcc3
am_cv_make_support_nested_variables=yes
am_cv_prog_cc_c_o=yes

## ----------------- ##
## Output variables. ##
## ----------------- ##

ACLOCAL='${SHELL} '\''/home/player/dndgame/missing'\'' aclocal-1.16'
AMDEPBACKSLASH='\'
AMDEP_FALSE='#'
AMDEP_TRUE=''
AMTAR='$${TAR-tar}'
AM_BACKSLASH='\'
AM_DEFAULT_V='$(AM_DEFAULT_VERBOSITY)'
AM_DEFAULT_VERBOSITY='1'
AM_V='$(V)'
AUTOCONF='${SHELL} '\''/home/player/dndgame/missing'\'' autoconf'
AUTOHEADER='${SHELL} '\''/home/player/dndgame/missing'\'' autoheader'
AUTOMAKE='${SHELL} '\''/home/player/dndgame/missing'\'' automake-1.16'
AWK='gawk'
CC='gcc'
CCDEPMODE='depmode=gcc3'
CFLAGS='-g -O2'
CPPFLAGS=''
CSCOPE='cscope'
CTAGS='ctags'
CXX='g++'
CXXDEPMODE='depmode=gcc3'
CXXFLAGS='-g -O2'
CYGPATH_W='echo'
DEFS='-DHAVE_CONFIG_H'
DEPDIR='.deps'
ECHO_C=''
ECHO_N='-n'
ECHO_T=''
ETAGS='etags'
EXEEXT=''
INSTALL_DATA='${INSTALL} -m 644'
INSTALL_PROGRAM='${INSTALL}'
INSTALL_SCRIPT='${INSTALL}'
INSTALL_STRIP_PROGRAM='$(install_sh) -c -s'
LDFLAGS=''
LIBOBJS=''
LIBS=''
LTLIBOBJS=''
MAKEINFO='${SHELL} '\''/home/player/dndgame/missing'\'' makeinfo'
MKDIR_P='/usr/bin/mkdir -p'
OBJEXT='o'
PACKAGE='full-package-name'
PACKAGE_BUGREPORT='BUG-REPORT-ADDRESS'
PACKAGE_NAME='FULL-PACKAGE-NAME'
PACKAGE_STRING='FULL-PACKAGE-NAME VERSION'
PACKAGE_TARNAME='full-package-name'
PACKAGE_URL=''
PACKAGE_VERSION='VERSION'
PATH_SEPARATOR=':'
SET_MAKE=''
SHELL='/bin/sh'
STRIP=''
VERSION='VERSION'
ac_ct_CC='gcc'
ac_ct_CXX='g++'
am__EXEEXT_FALSE=''
am__EXEEXT_TRUE='#'
am__fastdepCC_FALSE='#'
am__fastdepCC_TRUE=''
am__fastdepCXX_FALSE='#'
am__fastdepCXX_TRUE=''
am__include='include'
am__isrc=' -I$(srcdir)'
am__leading_dot='.'
am__nodep='_no'
am__quote=''
am__tar='$${TAR-tar} chof - "$$tardir"'
am__untar='$${TAR-tar} xf -'
bindir='${exec_prefix}/bin'
build_alias=''
datadir='${datarootdir}'
datarootdir='${prefix}/share'
docdir='${datarootdir}/doc/${PACKAGE_TARNAME}'
dvidir='${docdir}'
exec_prefix='${prefix}'
host_alias=''
htmldir='${docdir}'
includedir='${prefix}/include'
infodir='${datarootdir}/info'
install_sh='${SHELL} /home/player/dndgame/install-sh'
libdir='${exec_prefix}/lib'
libexecdir='${exec_prefix}/libexec'
localedir='${datarootdir}/locale'
localstatedir='${prefix}/var'
mandir='${datarootdir}/man'
mkdir_p='$(MKDIR_P)'
oldincludedir='/usr/include'
pdfdir='${docdir}'
prefix='/usr/local'
program_transform_name='s,x,x,'
psdir='${docdir}'
runstatedir='${localstatedir}/run'
sbindir='${exec_prefix}/sbin'
sharedstatedir='${prefix}/com'
sysconfdir='${prefix}/etc'
target_alias=''

## ----------- ##
## confdefs.h. ##
## ----------- ##

/* confdefs.h */
#define PACKAGE_NAME "FULL-PACKAGE-NAME"
#define PACKAGE_TARNAME "full-package-name"
#define PACKAGE_VERSION "VERSION"
#define PACKAGE_STRING "FULL-PACKAGE-NAME VERSION"
#define PACKAGE_BUGREPORT "BUG-REPORT-ADDRESS"
#define PACKAGE_URL ""
#define PACKAGE "full-package-name"
#define VERSION "VERSION"
#define HAVE_STDIO_H 1
#define HAVE_STDLIB_H 1
#define HAVE_STRING_H 1
#define HAVE_INTTYPES_H 1
#define HAVE_STDINT_H 1
#define HAVE_STRINGS_H 1
#define HAVE_SYS_STAT_H 1
#define HAVE_SYS_TYPES_H 1
#define HAVE_UNISTD_H 1
#define STDC_HEADERS 1
#define HAVE__BOOL 1

configure: exit 0
